  Parsing headers for PowEditor
    Running UnrealHeaderTool "C:\Users\axelh\Desktop\Pow-versions\Pow_v1.2\Pow.uproject" "C:\Users\axelh\Desktop\Pow-versions\Pow_v1.2\Intermediate\Build\Win64\PowEditor\Development\PowEditor.uhtmanifest" -LogCmds="loginit warning, logexit warning, logdatabase error" -Unattended -WarningsAsErrors -abslog="C:\Users\axelh\AppData\Local\UnrealBuildTool\Log_UHT.txt" -installed
  LogInit: Display: Loading text-based GConfig....
  Reflection code generated for PowEditor in 4,5583431 seconds
  Building PowEditor...
  Using Visual Studio 2019 14.29.30147 toolchain (C:\Program Files (x86)\Microsoft Visual Studio\2019\Community\VC\Tools\MSVC\14.29.30133) and Windows 10.0.22000.0 SDK (C:\Program Files (x86)\Windows Kits\10).
  Building 12 actions with 8 processes...
    [1/12] UE4Editor-AdvancedSessions-0023.lib
       Création de la bibliothèque C:\Users\axelh\Desktop\Pow-versions\Pow_v1.2\Plugins\AdvancedSessions\Intermediate\Build\Win64\UE4Editor\Development\AdvancedSessions\UE4Editor-AdvancedSessions-0023.lib et de l'objet C:\Users\axelh\Desktop\Pow-versions\Pow_v1.2\Plugins\AdvancedSessions\Intermediate\Build\Win64\UE4Editor\Development\AdvancedSessions\UE4Editor-AdvancedSessions-0023.exp
    [2/12] UE4Editor-AdvancedSteamSessions-0023.lib
       Création de la bibliothèque C:\Users\axelh\Desktop\Pow-versions\Pow_v1.2\Plugins\AdvancedSteamSessions\Intermediate\Build\Win64\UE4Editor\Development\AdvancedSteamSessions\UE4Editor-AdvancedSteamSessions-0023.lib et de l'objet C:\Users\axelh\Desktop\Pow-versions\Pow_v1.2\Plugins\AdvancedSteamSessions\Intermediate\Build\Win64\UE4Editor\Development\AdvancedSteamSessions\UE4Editor-AdvancedSteamSessions-0023.exp
    [3/12] UE4Editor-MegascansPlugin-0023.lib
       Création de la bibliothèque C:\Users\axelh\Desktop\Pow-versions\Pow_v1.2\Plugins\MegascansPlugin\Intermediate\Build\Win64\UE4Editor\Development\MegascansPlugin\UE4Editor-MegascansPlugin-0023.lib et de l'objet C:\Users\axelh\Desktop\Pow-versions\Pow_v1.2\Plugins\MegascansPlugin\Intermediate\Build\Win64\UE4Editor\Development\MegascansPlugin\UE4Editor-MegascansPlugin-0023.exp
    [4/12] UE4Editor-MegascansPlugin-0023.dll
       Création de la bibliothèque C:\Users\axelh\Desktop\Pow-versions\Pow_v1.2\Plugins\MegascansPlugin\Intermediate\Build\Win64\UE4Editor\Development\MegascansPlugin\UE4Editor-MegascansPlugin-0023.suppressed.lib et de l'objet C:\Users\axelh\Desktop\Pow-versions\Pow_v1.2\Plugins\MegascansPlugin\Intermediate\Build\Win64\UE4Editor\Development\MegascansPlugin\UE4Editor-MegascansPlugin-0023.suppressed.exp
    [5/12] UE4Editor-AdvancedSessions-0023.dll
       Création de la bibliothèque C:\Users\axelh\Desktop\Pow-versions\Pow_v1.2\Plugins\AdvancedSessions\Intermediate\Build\Win64\UE4Editor\Development\AdvancedSessions\UE4Editor-AdvancedSessions-0023.suppressed.lib et de l'objet C:\Users\axelh\Desktop\Pow-versions\Pow_v1.2\Plugins\AdvancedSessions\Intermediate\Build\Win64\UE4Editor\Development\AdvancedSessions\UE4Editor-AdvancedSessions-0023.suppressed.exp
    [6/12] UE4Editor-AdvancedSteamSessions-0023.dll
       Création de la bibliothèque C:\Users\axelh\Desktop\Pow-versions\Pow_v1.2\Plugins\AdvancedSteamSessions\Intermediate\Build\Win64\UE4Editor\Development\AdvancedSteamSessions\UE4Editor-AdvancedSteamSessions-0023.suppressed.lib et de l'objet C:\Users\axelh\Desktop\Pow-versions\Pow_v1.2\Plugins\AdvancedSteamSessions\Intermediate\Build\Win64\UE4Editor\Development\AdvancedSteamSessions\UE4Editor-AdvancedSteamSessions-0023.suppressed.exp
    [7/12] Pow.init.gen.cpp
    [8/12] TroupParent.cpp
    [9/12] TroupParent.gen.cpp
    [10/12] UE4Editor-Pow-0023.lib
       Création de la bibliothèque C:\Users\axelh\Desktop\Pow-versions\Pow_v1.2\Intermediate\Build\Win64\UE4Editor\Development\Pow\UE4Editor-Pow-0023.lib et de l'objet C:\Users\axelh\Desktop\Pow-versions\Pow_v1.2\Intermediate\Build\Win64\UE4Editor\Development\Pow\UE4Editor-Pow-0023.exp
    [11/12] UE4Editor-Pow-0023.dll
       Création de la bibliothèque C:\Users\axelh\Desktop\Pow-versions\Pow_v1.2\Intermediate\Build\Win64\UE4Editor\Development\Pow\UE4Editor-Pow-0023.suppressed.lib et de l'objet C:\Users\axelh\Desktop\Pow-versions\Pow_v1.2\Intermediate\Build\Win64\UE4Editor\Development\Pow\UE4Editor-Pow-0023.suppressed.exp
    [12/12] PowEditor.target
  Total time in Parallel executor: 3,17 seconds
  Total execution time: 8,55 seconds
